[debug] [2023-05-20T20:48:14.013Z] ----------------------------------------------------------------------
[debug] [2023-05-20T20:48:14.015Z] Command:       /usr/local/bin/node /Users/antonioventura/WebstormProjects/portfolio/node_modules/.bin/firebase deploy --only hosting
[debug] [2023-05-20T20:48:14.016Z] CLI Version:   12.1.0
[debug] [2023-05-20T20:48:14.016Z] Platform:      darwin
[debug] [2023-05-20T20:48:14.016Z] Node Version:  v18.16.0
[debug] [2023-05-20T20:48:14.025Z] Time:          Sat May 20 2023 21:48:14 GMT+0100 (Western European Summer Time)
[debug] [2023-05-20T20:48:14.025Z] ----------------------------------------------------------------------
[debug] 
[debug] [2023-05-20T20:48:14.086Z] > command requires scopes: ["email","openid","https://www.googleapis.com/auth/cloudplatformprojects.readonly","https://www.googleapis.com/auth/firebase","https://www.googleapis.com/auth/cloud-platform"]
[debug] [2023-05-20T20:48:14.087Z] > authorizing via signed-in user (antonio.ventura.pt@gmail.com)
[debug] [2023-05-20T20:48:14.087Z] [iam] checking project portfolio-antonio-ventura for permissions ["firebase.projects.get","firebasehosting.sites.update"]
[debug] [2023-05-20T20:48:14.088Z] >>> [apiv2][query] POST https://cloudresourcemanager.googleapis.com/v1/projects/portfolio-antonio-ventura:testIamPermissions [none]
[debug] [2023-05-20T20:48:14.089Z] >>> [apiv2][(partial)header] POST https://cloudresourcemanager.googleapis.com/v1/projects/portfolio-antonio-ventura:testIamPermissions x-goog-quota-user=projects/portfolio-antonio-ventura
[debug] [2023-05-20T20:48:14.089Z] >>> [apiv2][body] POST https://cloudresourcemanager.googleapis.com/v1/projects/portfolio-antonio-ventura:testIamPermissions {"permissions":["firebase.projects.get","firebasehosting.sites.update"]}
[debug] [2023-05-20T20:48:14.808Z] <<< [apiv2][status] POST https://cloudresourcemanager.googleapis.com/v1/projects/portfolio-antonio-ventura:testIamPermissions 200
[debug] [2023-05-20T20:48:14.809Z] <<< [apiv2][body] POST https://cloudresourcemanager.googleapis.com/v1/projects/portfolio-antonio-ventura:testIamPermissions {"permissions":["firebase.projects.get","firebasehosting.sites.update"]}
[debug] [2023-05-20T20:48:14.810Z] >>> [apiv2][query] GET https://firebase.googleapis.com/v1beta1/projects/portfolio-antonio-ventura [none]
[debug] [2023-05-20T20:48:15.094Z] <<< [apiv2][status] GET https://firebase.googleapis.com/v1beta1/projects/portfolio-antonio-ventura 200
[debug] [2023-05-20T20:48:15.094Z] <<< [apiv2][body] GET https://firebase.googleapis.com/v1beta1/projects/portfolio-antonio-ventura {"projectId":"portfolio-antonio-ventura","projectNumber":"259811181739","displayName":"portfolio","name":"projects/portfolio-antonio-ventura","resources":{"hostingSite":"portfolio-antonio-ventura"},"state":"ACTIVE","etag":"1_c2a4f842-0f83-4545-bf77-74e513eaf41f"}
[info] 
[info] === Deploying to 'portfolio-antonio-ventura'...
[info] 
[info] i  deploying hosting 
[debug] [2023-05-20T20:48:15.102Z] >>> [apiv2][query] POST https://firebasehosting.googleapis.com/v1beta1/projects/-/sites/portfolio-antonio-ventura/versions [none]
[debug] [2023-05-20T20:48:15.102Z] >>> [apiv2][body] POST https://firebasehosting.googleapis.com/v1beta1/projects/-/sites/portfolio-antonio-ventura/versions {"status":"CREATED","labels":{"deployment-tool":"cli-firebase"}}
[debug] [2023-05-20T20:48:16.137Z] <<< [apiv2][status] POST https://firebasehosting.googleapis.com/v1beta1/projects/-/sites/portfolio-antonio-ventura/versions 200
[debug] [2023-05-20T20:48:16.138Z] <<< [apiv2][body] POST https://firebasehosting.googleapis.com/v1beta1/projects/-/sites/portfolio-antonio-ventura/versions {"name":"projects/259811181739/sites/portfolio-antonio-ventura/versions/080c3cda6aa929ae","status":"CREATED","config":{},"labels":{"deployment-tool":"cli-firebase"}}
[info] i  hosting[portfolio-antonio-ventura]: beginning deploy... 
[info] i  hosting[portfolio-antonio-ventura]: found 13 files in build 
[debug] [2023-05-20T20:48:16.144Z] [hosting] uploading with 200 concurrency
[debug] [2023-05-20T20:48:16.147Z] [hosting] hash cache [YnVpbGQ] stored for 13 files
[debug] [2023-05-20T20:48:16.147Z] [hosting][hash queue][FINAL] {"max":0,"min":0,"avg":0,"active":0,"complete":13,"success":13,"errored":0,"retried":0,"total":13,"elapsed":1}
[debug] [2023-05-20T20:48:16.148Z] >>> [apiv2][query] POST https://firebasehosting.googleapis.com/v1beta1/projects/259811181739/sites/portfolio-antonio-ventura/versions/080c3cda6aa929ae:populateFiles [none]
[debug] [2023-05-20T20:48:16.148Z] >>> [apiv2][body] POST https://firebasehosting.googleapis.com/v1beta1/projects/259811181739/sites/portfolio-antonio-ventura/versions/080c3cda6aa929ae:populateFiles {"files":{"/404.html":"05cbc6f94d7a69ce2e29646eab13be2c884e61ba93e3094df5028866876d18b3","/asset-manifest.json":"dee8ffb407c7f90b97c317b1ca7b9e58bcba0fb1109aa36bc0eedd79667fa7c8","/index.html":"fb1cf16ac9c061dbccc233aca190a6d31fba06461475c7377a4b37fa1b7d0e00","/manifest.json":"28257a15e69cd3f3c56e69d1275198125512f85852b9e8b21c9fea9e2ffdd990","/robots.txt":"391d14b3c2f8c9143a27a28c7399585142228d4d1bdbe2c87ac946de411fa9a2","/static/css/main.de0468bc.css":"3360fa376ff9448d2bc3c7277dacaf82fe29c744f898c44d032507c8c8adab33","/static/css/main.de0468bc.css.map":"debdd2c95ce3a0240a8c837a19053800a57516d9c91668ba1a46e4ebeb70b1bd","/static/js/main.8a62bd40.js":"21d18a85c834b95e004e88c3fa205ff24111f3624a6e91bd860c9980c1324c2a","/static/js/main.8a62bd40.js.LICENSE.txt":"620eb15faed8acf5a2828d45f4894d443d3c241dabcdba8c18ade4488f451315","/static/js/main.8a62bd40.js.map":"75ba12d0ca91ab3ffac48760a6219c89cb9a28486f756922a72f5cd0d5b36d73","/static/media/portfolio_img.cd02940329be7f55b448.png":"397c9262b8fbfd999bfe13878124584edb8442bd2636cd4228f8a12081775f62","/static/media/tabuleiro.217b16ffd19b2b85d67e.png":"bb3a9758b9741b86a4281d841a8c234cb266681ea2f7d103e5cdf8774bdddaff","/static/media/transBackground.7f3023318b2daac612f2b0950d46d07f.svg":"6faa7a3a05924c8b2ca4129cc1bc663e2467c45bc79d43afe5b4c6a8af32f476"}}
